<?xml version="1.0" encoding="UTF-8"?>
<!-- Generated by org.testng.reporters.JUnitReportReporter -->
<testsuite skipped="0" hostname="portable2562" name="com.project.rs.NewTest5" tests="1" failures="0" timestamp="07 Mar 2018 01:00:45 GMT" time="7.705" errors="0">
  <testcase name="f" time="7.705" classname="com.project.rs.NewTest5"/>
</testsuite> <!-- com.project.rs.NewTest5 -->
