<?xml version="1.0" encoding="UTF-8"?>
<!-- Generated by org.testng.reporters.JUnitReportReporter -->
<testsuite skipped="0" hostname="portable2562" name="com.project.rs.NewTest4" tests="1" failures="0" timestamp="06 Mar 2018 12:53:13 GMT" time="9.431" errors="0">
  <testcase name="f" time="9.431" classname="com.project.rs.NewTest4"/>
</testsuite> <!-- com.project.rs.NewTest4 -->
